<?xml version="1.0" encoding="UTF-8"?>
<!-- Generated by org.testng.reporters.JUnitXMLReporter -->
<testsuite ignored="0" hostname="LTIN682992" failures="0" tests="1" name="Chrome Test" time="12.859" errors="0" timestamp="2026-05-01T17:32:10 IST">
  <testcase classname="base.BaseTest" name="@BeforeTest setUp" time="12.49">
    <failure type="java.lang.AssertionError" message="expected [true] but found [false]">
      <![CDATA[java.lang.AssertionError: expected [true] but found [false]
at base.BaseTest.setUp(BaseTest.java:31)
at java.base/java.util.concurrent.FutureTask.run(FutureTask.java:317)
at java.base/java.util.concurrent.ThreadPoolExecutor.runWorker(ThreadPoolExecutor.java:1144)
at java.base/java.util.concurrent.ThreadPoolExecutor$Worker.run(ThreadPoolExecutor.java:642)
at java.base/java.lang.Thread.run(Thread.java:1583)
... Removed 16 stack frames]]>
    </failure>
  </testcase> <!-- @BeforeTest setUp -->
  <testcase classname="base.BaseTest" name="@BeforeTest setUp" time="12.588">
    <failure type="java.lang.AssertionError" message="expected [true] but found [false]">
      <![CDATA[java.lang.AssertionError: expected [true] but found [false]
at base.BaseTest.setUp(BaseTest.java:31)
at java.base/java.util.concurrent.FutureTask.run(FutureTask.java:317)
at java.base/java.util.concurrent.ThreadPoolExecutor.runWorker(ThreadPoolExecutor.java:1144)
at java.base/java.util.concurrent.ThreadPoolExecutor$Worker.run(ThreadPoolExecutor.java:642)
at java.base/java.lang.Thread.run(Thread.java:1583)
... Removed 16 stack frames]]>
    </failure>
  </testcase> <!-- @BeforeTest setUp -->
  <testcase classname="base.BaseTest" name="@AfterMethod tearDoun" time="0.0">
    <skipped/>
  </testcase> <!-- @AfterMethod tearDoun -->
  <testcase classname="base.BaseTest" name="@AfterMethod tearDoun" time="0.0">
    <skipped/>
  </testcase> <!-- @AfterMethod tearDoun -->
  <testcase classname="tests.FlightSearchTest" name="verifyIRCTCFlightSearch" time="0.0">
    <skipped/>
  </testcase> <!-- verifyIRCTCFlightSearch -->
</testsuite> <!-- Chrome Test -->
