<?xml version="1.0" encoding="UTF-8"?>
<testng-results ignored="0" total="1" passed="1" failed="0" skipped="0">
  <reporter-output>
  </reporter-output>
  <suite started-at="2026-05-12T11:31:27 IST" name="IRCTC Flight Automation Suite" finished-at="2026-05-12T11:31:59 IST" duration-ms="31717">
    <groups>
    </groups>
    <test started-at="2026-05-12T11:31:27 IST" name="Flight Search Test" finished-at="2026-05-12T11:31:59 IST" duration-ms="31717">
      <class name="tests.FlightSearchTest">
        <test-method is-config="true" signature="setUp()[pri:0, instance:tests.FlightSearchTest@7b98f307]" started-at="2026-05-12T11:31:27 IST" name="setUp" finished-at="2026-05-12T11:31:34 IST" duration-ms="6748" status="PASS">
          <reporter-output>
          </reporter-output>
        </test-method> <!-- setUp -->
        <test-method signature="verifyIRCTCFlightSearch()[pri:0, instance:tests.FlightSearchTest@7b98f307]" started-at="2026-05-12T11:31:34 IST" name="verifyIRCTCFlightSearch" finished-at="2026-05-12T11:31:49 IST" duration-ms="15753" status="PASS">
          <reporter-output>
          </reporter-output>
        </test-method> <!-- verifyIRCTCFlightSearch -->
        <test-method is-config="true" signature="exit()[pri:0, instance:tests.FlightSearchTest@7b98f307]" started-at="2026-05-12T11:31:49 IST" name="exit" finished-at="2026-05-12T11:31:59 IST" duration-ms="9158" status="PASS">
          <reporter-output>
          </reporter-output>
        </test-method> <!-- exit -->
      </class> <!-- tests.FlightSearchTest -->
    </test> <!-- Flight Search Test -->
  </suite> <!-- IRCTC Flight Automation Suite -->
</testng-results>
